#! /usr/local/bin/vvp
:ivl_version "12.0 (stable)";
:ivl_delay_selection "TYPICAL";
:vpi_time_precision - 12;
:vpi_module "/usr/local/lib/ivl/system.vpi";
:vpi_module "/usr/local/lib/ivl/vhdl_sys.vpi";
:vpi_module "/usr/local/lib/ivl/vhdl_textio.vpi";
:vpi_module "/usr/local/lib/ivl/v2005_math.vpi";
:vpi_module "/usr/local/lib/ivl/va_math.vpi";
:vpi_module "/usr/local/lib/ivl/v2009.vpi";
S_0x387206c0 .scope package, "$unit" "$unit" 2 1;
 .timescale 0 0;
S_0x38720850 .scope module, "tb_pipeline_processor" "tb_pipeline_processor" 3 3;
 .timescale -9 -12;
v0x387340e0_0 .var "clk", 0 0;
v0x38734180_0 .var "reset", 0 0;
S_0x386f7580 .scope module, "uut" "pipeline_processor" 3 8, 4 4 0, S_0x38720850;
 .timescale 0 0;
    .port_info 0 /INPUT 1 "clk";
    .port_info 1 /INPUT 1 "reset";
v0x386e5d70_0 .var "EX_MEM", 7 0;
v0x38733910_0 .var "ID_EX", 7 0;
v0x387339f0_0 .var "IF_ID", 7 0;
v0x38733ae0_0 .var "MEM_WB", 7 0;
v0x38733bc0_0 .net "clk", 0 0, v0x387340e0_0;  1 drivers
v0x38733cd0_0 .var/i "i", 31 0;
v0x38733db0 .array "instr_mem", 15 0, 7 0;
v0x38733e70 .array "reg_file", 7 0, 7 0;
v0x38733f30_0 .net "reset", 0 0, v0x38734180_0;  1 drivers
E_0x386f77a0 .event posedge, v0x38733f30_0, v0x38733bc0_0;
    .scope S_0x386f7580;
T_0 ;
    %pushi/vec4 0, 0, 32;
    %store/vec4 v0x38733cd0_0, 0, 32;
T_0.0 ;
    %load/vec4 v0x38733cd0_0;
    %cmpi/s 8, 0, 32;
    %jmp/0xz T_0.1, 5;
    %load/vec4 v0x38733cd0_0;
    %pad/s 8;
    %ix/getv/s 4, v0x38733cd0_0;
    %store/vec4a v0x38733e70, 4, 0;
    %load/vec4 v0x38733cd0_0;
    %addi 1, 0, 32;
    %store/vec4 v0x38733cd0_0, 0, 32;
    %jmp T_0.0;
T_0.1 ;
    %pushi/vec4 1, 0, 8;
    %ix/load 4, 0, 0;
    %flag_set/imm 4, 0;
    %store/vec4a v0x38733db0, 4, 0;
    %pushi/vec4 18, 0, 8;
    %ix/load 4, 1, 0;
    %flag_set/imm 4, 0;
    %store/vec4a v0x38733db0, 4, 0;
    %pushi/vec4 35, 0, 8;
    %ix/load 4, 2, 0;
    %flag_set/imm 4, 0;
    %store/vec4a v0x38733db0, 4, 0;
    %end;
    .thread T_0;
    .scope S_0x386f7580;
T_1 ;
    %wait E_0x386f77a0;
    %load/vec4 v0x38733f30_0;
    %flag_set/vec4 8;
    %jmp/0xz  T_1.0, 8;
    %pushi/vec4 0, 0, 8;
    %assign/vec4 v0x387339f0_0, 0;
    %pushi/vec4 0, 0, 8;
    %assign/vec4 v0x38733910_0, 0;
    %pushi/vec4 0, 0, 8;
    %assign/vec4 v0x386e5d70_0, 0;
    %pushi/vec4 0, 0, 8;
    %assign/vec4 v0x38733ae0_0, 0;
    %jmp T_1.1;
T_1.0 ;
    %load/vec4 v0x387339f0_0;
    %parti/s 4, 0, 2;
    %pad/u 6;
    %ix/vec4 4;
    %load/vec4a v0x38733db0, 4;
    %assign/vec4 v0x387339f0_0, 0;
    %load/vec4 v0x387339f0_0;
    %assign/vec4 v0x38733910_0, 0;
    %load/vec4 v0x38733910_0;
    %parti/s 2, 6, 4;
    %dup/vec4;
    %pushi/vec4 0, 0, 2;
    %cmp/u;
    %jmp/1 T_1.2, 6;
    %dup/vec4;
    %pushi/vec4 1, 0, 2;
    %cmp/u;
    %jmp/1 T_1.3, 6;
    %dup/vec4;
    %pushi/vec4 2, 0, 2;
    %cmp/u;
    %jmp/1 T_1.4, 6;
    %jmp T_1.5;
T_1.2 ;
    %load/vec4 v0x38733910_0;
    %parti/s 2, 2, 3;
    %pad/u 5;
    %ix/vec4 4;
    %load/vec4a v0x38733e70, 4;
    %load/vec4 v0x38733910_0;
    %parti/s 2, 0, 2;
    %pad/u 5;
    %ix/vec4 4;
    %load/vec4a v0x38733e70, 4;
    %add;
    %assign/vec4 v0x386e5d70_0, 0;
    %jmp T_1.5;
T_1.3 ;
    %load/vec4 v0x38733910_0;
    %parti/s 2, 2, 3;
    %pad/u 5;
    %ix/vec4 4;
    %load/vec4a v0x38733e70, 4;
    %load/vec4 v0x38733910_0;
    %parti/s 2, 0, 2;
    %pad/u 5;
    %ix/vec4 4;
    %load/vec4a v0x38733e70, 4;
    %sub;
    %assign/vec4 v0x386e5d70_0, 0;
    %jmp T_1.5;
T_1.4 ;
    %load/vec4 v0x38733910_0;
    %parti/s 4, 0, 2;
    %pad/u 5;
    %ix/vec4 4;
    %load/vec4a v0x38733e70, 4;
    %assign/vec4 v0x386e5d70_0, 0;
    %jmp T_1.5;
T_1.5 ;
    %pop/vec4 1;
    %load/vec4 v0x386e5d70_0;
    %assign/vec4 v0x38733ae0_0, 0;
T_1.1 ;
    %jmp T_1;
    .thread T_1;
    .scope S_0x38720850;
T_2 ;
    %delay 5000, 0;
    %load/vec4 v0x387340e0_0;
    %inv;
    %store/vec4 v0x387340e0_0, 0, 1;
    %jmp T_2;
    .thread T_2;
    .scope S_0x38720850;
T_3 ;
    %vpi_call/w 3 16 "$dumpfile", "pipeline.vcd" {0 0 0};
    %vpi_call/w 3 17 "$dumpvars", 32'sb00000000000000000000000000000000, S_0x38720850 {0 0 0};
    %pushi/vec4 0, 0, 1;
    %store/vec4 v0x387340e0_0, 0, 1;
    %pushi/vec4 1, 0, 1;
    %store/vec4 v0x38734180_0, 0, 1;
    %delay 10000, 0;
    %pushi/vec4 0, 0, 1;
    %store/vec4 v0x38734180_0, 0, 1;
    %delay 100000, 0;
    %vpi_call/w 3 23 "$finish" {0 0 0};
    %end;
    .thread T_3;
# The file index is used to find the file name in the following table.
:file_names 5;
    "N/A";
    "<interactive>";
    "-";
    "testbench.sv";
    "design.sv";
